{
  "stats": {
    "suites": 1,
    "tests": 1,
    "passes": 0,
    "pending": 0,
    "failures": 1,
    "start": "2025-03-25T19:50:37.779Z",
    "end": "2025-03-25T19:51:07.431Z",
    "duration": 29652,
    "testsRegistered": 1,
    "passPercent": 0,
    "pendingPercent": 0,
    "other": 0,
    "hasOther": false,
    "skipped": 0,
    "hasSkipped": false
  },
  "results": [
    {
      "uuid": "dc334935-5522-4119-9226-8a4e9c262c1a",
      "title": "",
      "fullFile": "cypress\\integration\\ui\\attendance\\Shifts\\ShiftManagement.cy.js",
      "file": "cypress\\integration\\ui\\attendance\\Shifts\\ShiftManagement.cy.js",
      "beforeHooks": [],
      "afterHooks": [],
      "tests": [],
      "suites": [
        {
          "uuid": "a958b97d-fbca-4b45-875f-fd7bfde5160a",
          "title": "Shift Management",
          "fullFile": "",
          "file": "",
          "beforeHooks": [],
          "afterHooks": [],
          "tests": [
            {
              "title": "should successfully add a new shift with sessions",
              "fullTitle": "Shift Management should successfully add a new shift with sessions",
              "timedOut": null,
              "duration": 29565,
              "state": "failed",
              "speed": null,
              "pass": false,
              "fail": true,
              "pending": false,
              "context": null,
              "code": "// Load test data\ncy.fixture(\"ui/AddShift.json\").then(data => {\n  if (!data || !data.length) {\n    throw new Error('Test data is empty or invalid');\n  }\n  // Add new shift\n  shiftPage.clickAddShift();\n  shiftPage.fillShiftDetails(data[0]);\n  // Navigate to specific date\n  const {\n    pastdays,\n    monthday,\n    date\n  } = TEST_DATA;\n  const trimpastdays = pastdays.trim().toLowerCase();\n  const trimmonthday = monthday.trim().toLowerCase();\n  // Handle date navigation and session creation\n  cy.checkAndNavigate(trimpastdays, trimmonthday, date).then(() => {\n    // Add and fill sessions after date navigation\n    shiftPage.addAndFillSessions(data);\n    shiftPage.handleSingleShift(data);\n    cy.Dropdown('Duration Calculated Method', \"Duration between first in and last out time\");\n  });\n});",
              "err": {
                "message": "AssertionError: Timed out retrying after 10000ms: Expected to find element: `.datepicker-title > *`, but never found it.",
                "estack": "AssertionError: Timed out retrying after 10000ms: Expected to find element: `.datepicker-title > *`, but never found it.\n    at navigateToDate (webpack://cypress-automation-framework/./cypress/support/commands.js:75:11)\n    at Context.eval (webpack://cypress-automation-framework/./cypress/support/commands.js:103:4)",
                "diff": null
              },
              "uuid": "12d88c75-7085-46b9-8581-0178918cddeb",
              "parentUUID": "a958b97d-fbca-4b45-875f-fd7bfde5160a",
              "isHook": false,
              "skipped": false
            }
          ],
          "suites": [],
          "passes": [],
          "failures": [
            "12d88c75-7085-46b9-8581-0178918cddeb"
          ],
          "pending": [],
          "skipped": [],
          "duration": 29565,
          "root": false,
          "rootEmpty": false,
          "_timeout": 2000
        }
      ],
      "passes": [],
      "failures": [],
      "pending": [],
      "skipped": [],
      "duration": 0,
      "root": true,
      "rootEmpty": true,
      "_timeout": 2000
    }
  ],
  "meta": {
    "mocha": {
      "version": "7.0.1"
    },
    "mochawesome": {
      "options": {
        "quiet": false,
        "reportFilename": "mochawesome",
        "saveHtml": false,
        "saveJson": true,
        "consoleReporter": "spec",
        "useInlineDiffs": false,
        "code": true
      },
      "version": "7.1.3"
    },
    "marge": {
      "options": {
        "id": "default",
        "reportDir": "cypress/reports",
        "overwrite": false,
        "html": false,
        "json": true,
        "timestamp": "mmddyyyy_HHMMss"
      },
      "version": "6.2.0"
    }
  }
}