{
  "stats": {
    "suites": 1,
    "tests": 4,
    "passes": 2,
    "pending": 0,
    "failures": 2,
    "start": "2025-03-26T19:50:55.527Z",
    "end": "2025-03-26T19:52:53.274Z",
    "duration": 117747,
    "testsRegistered": 4,
    "passPercent": 50,
    "pendingPercent": 0,
    "other": 0,
    "hasOther": false,
    "skipped": 0,
    "hasSkipped": false
  },
  "results": [
    {
      "uuid": "20119078-9cfc-4118-8211-c3eac9deaa66",
      "title": "",
      "fullFile": "cypress\\integration\\ui\\attendance\\Shifts\\ShiftManagement.cy.js",
      "file": "cypress\\integration\\ui\\attendance\\Shifts\\ShiftManagement.cy.js",
      "beforeHooks": [],
      "afterHooks": [],
      "tests": [],
      "suites": [
        {
          "uuid": "97e04c22-ee4a-4c35-acfc-17b88a971317",
          "title": "Shift Management",
          "fullFile": "",
          "file": "",
          "beforeHooks": [],
          "afterHooks": [],
          "tests": [
            {
              "title": "should successfully add a new shift with sessions",
              "fullTitle": "Shift Management should successfully add a new shift with sessions",
              "timedOut": null,
              "duration": 44589,
              "state": "passed",
              "speed": "slow",
              "pass": true,
              "fail": false,
              "pending": false,
              "context": null,
              "code": "// Load test data\ncy.fixture(\"ui/AddShift.json\").then(data => {\n  if (!data || !data.length) {\n    throw new Error('Test data is empty or invalid');\n  }\n  // Add new shift\n  shiftPage.clickAddShift();\n  shiftPage.fillShiftDetails(data[0]);\n  // Navigate to specific date\n  const {\n    pastdays,\n    monthday,\n    date\n  } = TEST_DATA;\n  const trimpastdays = pastdays.trim().toLowerCase();\n  const trimmonthday = monthday.trim().toLowerCase();\n  // Handle date navigation and session creation\n  cy.checkAndNavigate(trimpastdays, trimmonthday, date).then(() => {\n    // Add and fill sessions after date navigation\n    shiftPage.addAndFillSessions(data);\n    shiftPage.handleSingleShift(data);\n    cy.wait(10000);\n    cy.get('div.modal-footer button.ah-btn').click();\n    cy.get('div.ah-access-content > div.ah-access-info:nth-child(2)').should('be.visible').and('contain.text', 'Shift has been added successfully!');\n    cy.get('button#request-close').click();\n  });\n});",
              "err": {},
              "uuid": "e5e4c0ce-dfc7-4d37-bdd0-dcc8653b0e80",
              "parentUUID": "97e04c22-ee4a-4c35-acfc-17b88a971317",
              "isHook": false,
              "skipped": false
            },
            {
              "title": "should view details of the created shift",
              "fullTitle": "Shift Management should view details of the created shift",
              "timedOut": null,
              "duration": 27749,
              "state": "failed",
              "speed": null,
              "pass": false,
              "fail": true,
              "pending": false,
              "context": null,
              "code": "const SHIFT_CODE = '10AM_TO_6PM_1';\ncy.shiftTableAction(SHIFT_CODE, 'View Details');\ncy.get('.modal-header button.close').click();",
              "err": {
                "message": "AssertionError: Timed out retrying after 10000ms: expected '[ <div.modal-content>, 1 more... ]' to be 'visible'\n\nThis element `[ <div.modal-content>, 1 more... ]` is not visible because its parent `<div#sessionTimeOut_screen.modal.ah-modal.fade.ah-top-most-modal>` has CSS property: `display: none`",
                "estack": "AssertionError: Timed out retrying after 10000ms: expected '[ <div.modal-content>, 1 more... ]' to be 'visible'\n\nThis element `[ <div.modal-content>, 1 more... ]` is not visible because its parent `<div#sessionTimeOut_screen.modal.ah-modal.fade.ah-top-most-modal>` has CSS property: `display: none`\n    at Context.eval (webpack://cypress-automation-framework/./cypress/support/commands.js:202:33)",
                "diff": null
              },
              "uuid": "2c7a5a4d-4352-4635-8b40-ab7f8103a8ca",
              "parentUUID": "97e04c22-ee4a-4c35-acfc-17b88a971317",
              "isHook": false,
              "skipped": false
            },
            {
              "title": "should view history of the created shift",
              "fullTitle": "Shift Management should view history of the created shift",
              "timedOut": null,
              "duration": 27407,
              "state": "failed",
              "speed": null,
              "pass": false,
              "fail": true,
              "pending": false,
              "context": null,
              "code": "const SHIFT_CODE = '10AM_TO_6PM_1';\ncy.shiftTableAction(SHIFT_CODE, 'View History');\ncy.get('.modal-header button.close').click();",
              "err": {
                "message": "AssertionError: Timed out retrying after 10000ms: expected '[ <div.modal-content>, 1 more... ]' to be 'visible'\n\nThis element `[ <div.modal-content>, 1 more... ]` is not visible because its parent `<div#sessionTimeOut_screen.modal.ah-modal.fade.ah-top-most-modal>` has CSS property: `display: none`",
                "estack": "AssertionError: Timed out retrying after 10000ms: expected '[ <div.modal-content>, 1 more... ]' to be 'visible'\n\nThis element `[ <div.modal-content>, 1 more... ]` is not visible because its parent `<div#sessionTimeOut_screen.modal.ah-modal.fade.ah-top-most-modal>` has CSS property: `display: none`\n    at Context.eval (webpack://cypress-automation-framework/./cypress/support/commands.js:202:33)",
                "diff": null
              },
              "uuid": "8ca4d079-9800-4e23-8222-b4e23a71fe70",
              "parentUUID": "97e04c22-ee4a-4c35-acfc-17b88a971317",
              "isHook": false,
              "skipped": false
            },
            {
              "title": "should update the created shift",
              "fullTitle": "Shift Management should update the created shift",
              "timedOut": null,
              "duration": 17265,
              "state": "passed",
              "speed": "slow",
              "pass": true,
              "fail": false,
              "pending": false,
              "context": null,
              "code": "const SHIFT_CODE = '10AM_TO_6PM_1';\ncy.shiftTableAction(SHIFT_CODE, 'Update');",
              "err": {},
              "uuid": "edda60d4-2d0d-4385-9137-36c711815e2d",
              "parentUUID": "97e04c22-ee4a-4c35-acfc-17b88a971317",
              "isHook": false,
              "skipped": false
            }
          ],
          "suites": [],
          "passes": [
            "e5e4c0ce-dfc7-4d37-bdd0-dcc8653b0e80",
            "edda60d4-2d0d-4385-9137-36c711815e2d"
          ],
          "failures": [
            "2c7a5a4d-4352-4635-8b40-ab7f8103a8ca",
            "8ca4d079-9800-4e23-8222-b4e23a71fe70"
          ],
          "pending": [],
          "skipped": [],
          "duration": 117010,
          "root": false,
          "rootEmpty": false,
          "_timeout": 2000
        }
      ],
      "passes": [],
      "failures": [],
      "pending": [],
      "skipped": [],
      "duration": 0,
      "root": true,
      "rootEmpty": true,
      "_timeout": 2000
    }
  ],
  "meta": {
    "mocha": {
      "version": "7.0.1"
    },
    "mochawesome": {
      "options": {
        "quiet": false,
        "reportFilename": "mochawesome",
        "saveHtml": false,
        "saveJson": true,
        "consoleReporter": "spec",
        "useInlineDiffs": false,
        "code": true
      },
      "version": "7.1.3"
    },
    "marge": {
      "options": {
        "id": "default",
        "reportDir": "cypress/reports",
        "overwrite": false,
        "html": false,
        "json": true,
        "timestamp": "mmddyyyy_HHMMss"
      },
      "version": "6.2.0"
    }
  }
}