{
  "stats": {
    "suites": 1,
    "tests": 4,
    "passes": 1,
    "pending": 0,
    "failures": 3,
    "start": "2025-03-25T18:43:30.663Z",
    "end": "2025-03-25T18:44:27.078Z",
    "duration": 56415,
    "testsRegistered": 4,
    "passPercent": 25,
    "pendingPercent": 0,
    "other": 0,
    "hasOther": false,
    "skipped": 0,
    "hasSkipped": false
  },
  "results": [
    {
      "uuid": "c8d1ad9a-d8d6-4b6d-92f4-c26b286a76e1",
      "title": "",
      "fullFile": "cypress\\integration\\ui\\login\\login.cy.js",
      "file": "cypress\\integration\\ui\\login\\login.cy.js",
      "beforeHooks": [],
      "afterHooks": [],
      "tests": [],
      "suites": [
        {
          "uuid": "52a2d226-8df8-48a5-b8f0-b1a339478205",
          "title": "Login Functionality",
          "fullFile": "",
          "file": "",
          "beforeHooks": [],
          "afterHooks": [],
          "tests": [
            {
              "title": "should login successfully with valid credentials",
              "fullTitle": "Login Functionality should login successfully with valid credentials",
              "timedOut": null,
              "duration": 7281,
              "state": "passed",
              "speed": "medium",
              "pass": true,
              "fail": false,
              "pending": false,
              "context": null,
              "code": "const {\n  username,\n  password\n} = _testData.default.validUser;\nloginPage.login(username, password);\nloginPage.verifySuccessfulLogin();",
              "err": {},
              "uuid": "3c01ef4b-9f52-4542-a606-2d2f73be6ea3",
              "parentUUID": "52a2d226-8df8-48a5-b8f0-b1a339478205",
              "isHook": false,
              "skipped": false
            },
            {
              "title": "should show error message for invalid credentials: wronguser",
              "fullTitle": "Login Functionality should show error message for invalid credentials: wronguser",
              "timedOut": null,
              "duration": 16139,
              "state": "failed",
              "speed": null,
              "pass": false,
              "fail": true,
              "pending": false,
              "context": null,
              "code": "loginPage.login(userData.username, userData.password);\nloginPage.verifyErrorMessage(userData.errorMessage);",
              "err": {
                "message": "AssertionError: Timed out retrying after 10000ms: Expected to find element: `.ah-error-message`, but never found it.",
                "estack": "AssertionError: Timed out retrying after 10000ms: Expected to find element: `.ah-error-message`, but never found it.\n    at LoginPage.verifyErrorMessage (webpack://cypress-automation-framework/./cypress/pages/ui/hrf/LoginPage.js:49:13)\n    at Context.eval (webpack://cypress-automation-framework/./cypress/integration/ui/login/login.cy.js:26:22)",
                "diff": null
              },
              "uuid": "b70f7871-a4af-4580-9b6e-c852f792ff3d",
              "parentUUID": "52a2d226-8df8-48a5-b8f0-b1a339478205",
              "isHook": false,
              "skipped": false
            },
            {
              "title": "should show error message for invalid credentials: cadmin",
              "fullTitle": "Login Functionality should show error message for invalid credentials: cadmin",
              "timedOut": null,
              "duration": 16838,
              "state": "failed",
              "speed": null,
              "pass": false,
              "fail": true,
              "pending": false,
              "context": null,
              "code": "loginPage.login(userData.username, userData.password);\nloginPage.verifyErrorMessage(userData.errorMessage);",
              "err": {
                "message": "AssertionError: Timed out retrying after 10000ms: Expected to find element: `.ah-error-message`, but never found it.",
                "estack": "AssertionError: Timed out retrying after 10000ms: Expected to find element: `.ah-error-message`, but never found it.\n    at LoginPage.verifyErrorMessage (webpack://cypress-automation-framework/./cypress/pages/ui/hrf/LoginPage.js:49:13)\n    at Context.eval (webpack://cypress-automation-framework/./cypress/integration/ui/login/login.cy.js:26:22)",
                "diff": null
              },
              "uuid": "ed5cb41b-830d-428d-bbf8-c5f3a36ef529",
              "parentUUID": "52a2d226-8df8-48a5-b8f0-b1a339478205",
              "isHook": false,
              "skipped": false
            },
            {
              "title": "should show error message for empty credentials",
              "fullTitle": "Login Functionality should show error message for empty credentials",
              "timedOut": null,
              "duration": 15933,
              "state": "failed",
              "speed": null,
              "pass": false,
              "fail": true,
              "pending": false,
              "context": null,
              "code": "const {\n  username,\n  password,\n  errorMessage\n} = _testData.default.emptyCredentials;\nloginPage.login(username, password);\nloginPage.verifyErrorMessage(errorMessage);",
              "err": {
                "message": "AssertionError: Timed out retrying after 10000ms: Expected to find element: `.ah-error-message`, but never found it.",
                "estack": "AssertionError: Timed out retrying after 10000ms: Expected to find element: `.ah-error-message`, but never found it.\n    at LoginPage.verifyErrorMessage (webpack://cypress-automation-framework/./cypress/pages/ui/hrf/LoginPage.js:49:13)\n    at Context.eval (webpack://cypress-automation-framework/./cypress/integration/ui/login/login.cy.js:34:18)",
                "diff": null
              },
              "uuid": "151d6482-d12b-4abc-a374-0600ad5199a4",
              "parentUUID": "52a2d226-8df8-48a5-b8f0-b1a339478205",
              "isHook": false,
              "skipped": false
            }
          ],
          "suites": [],
          "passes": [
            "3c01ef4b-9f52-4542-a606-2d2f73be6ea3"
          ],
          "failures": [
            "b70f7871-a4af-4580-9b6e-c852f792ff3d",
            "ed5cb41b-830d-428d-bbf8-c5f3a36ef529",
            "151d6482-d12b-4abc-a374-0600ad5199a4"
          ],
          "pending": [],
          "skipped": [],
          "duration": 56191,
          "root": false,
          "rootEmpty": false,
          "_timeout": 2000
        }
      ],
      "passes": [],
      "failures": [],
      "pending": [],
      "skipped": [],
      "duration": 0,
      "root": true,
      "rootEmpty": true,
      "_timeout": 2000
    }
  ],
  "meta": {
    "mocha": {
      "version": "7.0.1"
    },
    "mochawesome": {
      "options": {
        "quiet": false,
        "reportFilename": "mochawesome",
        "saveHtml": false,
        "saveJson": true,
        "consoleReporter": "spec",
        "useInlineDiffs": false,
        "code": true
      },
      "version": "7.1.3"
    },
    "marge": {
      "options": {
        "id": "default",
        "reportDir": "cypress/reports",
        "overwrite": false,
        "html": false,
        "json": true,
        "timestamp": "mmddyyyy_HHMMss"
      },
      "version": "6.2.0"
    }
  }
}