{
  "stats": {
    "suites": 1,
    "tests": 4,
    "passes": 4,
    "pending": 0,
    "failures": 0,
    "start": "2025-03-25T18:50:03.693Z",
    "end": "2025-03-25T18:50:28.702Z",
    "duration": 25009,
    "testsRegistered": 4,
    "passPercent": 100,
    "pendingPercent": 0,
    "other": 0,
    "hasOther": false,
    "skipped": 0,
    "hasSkipped": false
  },
  "results": [
    {
      "uuid": "f26cf08d-6c6a-46e9-9072-fb89bb2d9cf2",
      "title": "",
      "fullFile": "cypress\\integration\\ui\\login\\login.cy.js",
      "file": "cypress\\integration\\ui\\login\\login.cy.js",
      "beforeHooks": [],
      "afterHooks": [],
      "tests": [],
      "suites": [
        {
          "uuid": "6aaf546e-ca6c-4e4b-b0ba-e5147c1888e8",
          "title": "Login Functionality",
          "fullFile": "",
          "file": "",
          "beforeHooks": [],
          "afterHooks": [],
          "tests": [
            {
              "title": "should login successfully with valid credentials",
              "fullTitle": "Login Functionality should login successfully with valid credentials",
              "timedOut": null,
              "duration": 6921,
              "state": "passed",
              "speed": "medium",
              "pass": true,
              "fail": false,
              "pending": false,
              "context": null,
              "code": "const {\n  username,\n  password\n} = _testData.default.validUser;\nloginPage.login(username, password);\nloginPage.verifySuccessfulLogin();",
              "err": {},
              "uuid": "1ab18dd2-db0d-4d9c-ae90-ceb726615e6f",
              "parentUUID": "6aaf546e-ca6c-4e4b-b0ba-e5147c1888e8",
              "isHook": false,
              "skipped": false
            },
            {
              "title": "should show error message for invalid credentials: wronguser",
              "fullTitle": "Login Functionality should show error message for invalid credentials: wronguser",
              "timedOut": null,
              "duration": 5612,
              "state": "passed",
              "speed": "medium",
              "pass": true,
              "fail": false,
              "pending": false,
              "context": null,
              "code": "loginPage.login(userData.username, userData.password);\nloginPage.verifyErrorMessage(userData.errorMessage);",
              "err": {},
              "uuid": "3c05d44e-6349-4c77-9e67-bbfb37276951",
              "parentUUID": "6aaf546e-ca6c-4e4b-b0ba-e5147c1888e8",
              "isHook": false,
              "skipped": false
            },
            {
              "title": "should show error message for invalid credentials: cadmin",
              "fullTitle": "Login Functionality should show error message for invalid credentials: cadmin",
              "timedOut": null,
              "duration": 6521,
              "state": "passed",
              "speed": "medium",
              "pass": true,
              "fail": false,
              "pending": false,
              "context": null,
              "code": "loginPage.login(userData.username, userData.password);\nloginPage.verifyErrorMessage(userData.errorMessage);",
              "err": {},
              "uuid": "ba9bfa81-1828-420b-a5dd-c18351afd242",
              "parentUUID": "6aaf546e-ca6c-4e4b-b0ba-e5147c1888e8",
              "isHook": false,
              "skipped": false
            },
            {
              "title": "should show error message for empty credentials",
              "fullTitle": "Login Functionality should show error message for empty credentials",
              "timedOut": null,
              "duration": 5733,
              "state": "passed",
              "speed": "medium",
              "pass": true,
              "fail": false,
              "pending": false,
              "context": null,
              "code": "const {\n  username,\n  password,\n  errorMessage\n} = _testData.default.emptyCredentials;\nloginPage.login(username, password);\nloginPage.verifyErrorMessage(errorMessage);",
              "err": {},
              "uuid": "515cc7d4-050a-4649-a71c-bbe8ab75ed76",
              "parentUUID": "6aaf546e-ca6c-4e4b-b0ba-e5147c1888e8",
              "isHook": false,
              "skipped": false
            }
          ],
          "suites": [],
          "passes": [
            "1ab18dd2-db0d-4d9c-ae90-ceb726615e6f",
            "3c05d44e-6349-4c77-9e67-bbfb37276951",
            "ba9bfa81-1828-420b-a5dd-c18351afd242",
            "515cc7d4-050a-4649-a71c-bbe8ab75ed76"
          ],
          "failures": [],
          "pending": [],
          "skipped": [],
          "duration": 24787,
          "root": false,
          "rootEmpty": false,
          "_timeout": 2000
        }
      ],
      "passes": [],
      "failures": [],
      "pending": [],
      "skipped": [],
      "duration": 0,
      "root": true,
      "rootEmpty": true,
      "_timeout": 2000
    }
  ],
  "meta": {
    "mocha": {
      "version": "7.0.1"
    },
    "mochawesome": {
      "options": {
        "quiet": false,
        "reportFilename": "mochawesome",
        "saveHtml": false,
        "saveJson": true,
        "consoleReporter": "spec",
        "useInlineDiffs": false,
        "code": true
      },
      "version": "7.1.3"
    },
    "marge": {
      "options": {
        "id": "default",
        "reportDir": "cypress/reports",
        "overwrite": false,
        "html": false,
        "json": true,
        "timestamp": "mmddyyyy_HHMMss"
      },
      "version": "6.2.0"
    }
  }
}