{
  "stats": {
    "suites": 1,
    "tests": 4,
    "passes": 1,
    "pending": 0,
    "failures": 3,
    "start": "2025-03-25T18:41:59.325Z",
    "end": "2025-03-25T18:42:56.562Z",
    "duration": 57237,
    "testsRegistered": 4,
    "passPercent": 25,
    "pendingPercent": 0,
    "other": 0,
    "hasOther": false,
    "skipped": 0,
    "hasSkipped": false
  },
  "results": [
    {
      "uuid": "88829c5f-9a0b-4b26-8864-c103391e4bd2",
      "title": "",
      "fullFile": "cypress\\integration\\ui\\login\\login.cy.js",
      "file": "cypress\\integration\\ui\\login\\login.cy.js",
      "beforeHooks": [],
      "afterHooks": [],
      "tests": [],
      "suites": [
        {
          "uuid": "d9005dd8-98cf-4cef-bf44-830716cd4ceb",
          "title": "Login Functionality",
          "fullFile": "",
          "file": "",
          "beforeHooks": [],
          "afterHooks": [],
          "tests": [
            {
              "title": "should login successfully with valid credentials",
              "fullTitle": "Login Functionality should login successfully with valid credentials",
              "timedOut": null,
              "duration": 7092,
              "state": "passed",
              "speed": "medium",
              "pass": true,
              "fail": false,
              "pending": false,
              "context": null,
              "code": "const {\n  username,\n  password\n} = _testData.default.validUser;\nloginPage.login(username, password);\nloginPage.verifySuccessfulLogin();",
              "err": {},
              "uuid": "76ff3e57-0723-4e2e-bff8-23571f0d1fef",
              "parentUUID": "d9005dd8-98cf-4cef-bf44-830716cd4ceb",
              "isHook": false,
              "skipped": false
            },
            {
              "title": "should show error message for invalid credentials: wronguser",
              "fullTitle": "Login Functionality should show error message for invalid credentials: wronguser",
              "timedOut": null,
              "duration": 16472,
              "state": "failed",
              "speed": null,
              "pass": false,
              "fail": true,
              "pending": false,
              "context": null,
              "code": "loginPage.login(userData.username, userData.password);\nloginPage.verifyErrorMessage(userData.errorMessage);",
              "err": {
                "message": "AssertionError: Timed out retrying after 10000ms: Expected to find element: `.error-message, .alert-danger, [role=\"alert\"]`, but never found it.",
                "estack": "AssertionError: Timed out retrying after 10000ms: Expected to find element: `.error-message, .alert-danger, [role=\"alert\"]`, but never found it.\n    at LoginPage.verifyErrorMessage (webpack://cypress-automation-framework/./cypress/pages/ui/hrf/LoginPage.js:49:13)\n    at Context.eval (webpack://cypress-automation-framework/./cypress/integration/ui/login/login.cy.js:26:22)",
                "diff": null
              },
              "uuid": "053ba54c-1952-4284-ba99-131d5e27c18c",
              "parentUUID": "d9005dd8-98cf-4cef-bf44-830716cd4ceb",
              "isHook": false,
              "skipped": false
            },
            {
              "title": "should show error message for invalid credentials: cadmin",
              "fullTitle": "Login Functionality should show error message for invalid credentials: cadmin",
              "timedOut": null,
              "duration": 17074,
              "state": "failed",
              "speed": null,
              "pass": false,
              "fail": true,
              "pending": false,
              "context": null,
              "code": "loginPage.login(userData.username, userData.password);\nloginPage.verifyErrorMessage(userData.errorMessage);",
              "err": {
                "message": "AssertionError: Timed out retrying after 10000ms: Expected to find element: `.error-message, .alert-danger, [role=\"alert\"]`, but never found it.",
                "estack": "AssertionError: Timed out retrying after 10000ms: Expected to find element: `.error-message, .alert-danger, [role=\"alert\"]`, but never found it.\n    at LoginPage.verifyErrorMessage (webpack://cypress-automation-framework/./cypress/pages/ui/hrf/LoginPage.js:49:13)\n    at Context.eval (webpack://cypress-automation-framework/./cypress/integration/ui/login/login.cy.js:26:22)",
                "diff": null
              },
              "uuid": "abfc5c75-dcf3-4918-8448-2e1efa30c546",
              "parentUUID": "d9005dd8-98cf-4cef-bf44-830716cd4ceb",
              "isHook": false,
              "skipped": false
            },
            {
              "title": "should show error message for empty credentials",
              "fullTitle": "Login Functionality should show error message for empty credentials",
              "timedOut": null,
              "duration": 16370,
              "state": "failed",
              "speed": null,
              "pass": false,
              "fail": true,
              "pending": false,
              "context": null,
              "code": "const {\n  username,\n  password,\n  errorMessage\n} = _testData.default.emptyCredentials;\nloginPage.login(username, password);\nloginPage.verifyErrorMessage(errorMessage);",
              "err": {
                "message": "AssertionError: Timed out retrying after 10000ms: Expected to find element: `.error-message, .alert-danger, [role=\"alert\"]`, but never found it.",
                "estack": "AssertionError: Timed out retrying after 10000ms: Expected to find element: `.error-message, .alert-danger, [role=\"alert\"]`, but never found it.\n    at LoginPage.verifyErrorMessage (webpack://cypress-automation-framework/./cypress/pages/ui/hrf/LoginPage.js:49:13)\n    at Context.eval (webpack://cypress-automation-framework/./cypress/integration/ui/login/login.cy.js:34:18)",
                "diff": null
              },
              "uuid": "31bbcccc-254e-47c8-8c66-de163b5cff41",
              "parentUUID": "d9005dd8-98cf-4cef-bf44-830716cd4ceb",
              "isHook": false,
              "skipped": false
            }
          ],
          "suites": [],
          "passes": [
            "76ff3e57-0723-4e2e-bff8-23571f0d1fef"
          ],
          "failures": [
            "053ba54c-1952-4284-ba99-131d5e27c18c",
            "abfc5c75-dcf3-4918-8448-2e1efa30c546",
            "31bbcccc-254e-47c8-8c66-de163b5cff41"
          ],
          "pending": [],
          "skipped": [],
          "duration": 57008,
          "root": false,
          "rootEmpty": false,
          "_timeout": 2000
        }
      ],
      "passes": [],
      "failures": [],
      "pending": [],
      "skipped": [],
      "duration": 0,
      "root": true,
      "rootEmpty": true,
      "_timeout": 2000
    }
  ],
  "meta": {
    "mocha": {
      "version": "7.0.1"
    },
    "mochawesome": {
      "options": {
        "quiet": false,
        "reportFilename": "mochawesome",
        "saveHtml": false,
        "saveJson": true,
        "consoleReporter": "spec",
        "useInlineDiffs": false,
        "code": true
      },
      "version": "7.1.3"
    },
    "marge": {
      "options": {
        "id": "default",
        "reportDir": "cypress/reports",
        "overwrite": false,
        "html": false,
        "json": true,
        "timestamp": "mmddyyyy_HHMMss"
      },
      "version": "6.2.0"
    }
  }
}