{
  "stats": {
    "suites": 1,
    "tests": 2,
    "passes": 0,
    "pending": 0,
    "failures": 2,
    "start": "2025-03-25T18:29:25.015Z",
    "end": "2025-03-25T18:29:41.520Z",
    "duration": 16505,
    "testsRegistered": 4,
    "passPercent": 0,
    "pendingPercent": 0,
    "other": 0,
    "hasOther": false,
    "skipped": 2,
    "hasSkipped": true
  },
  "results": [
    {
      "uuid": "ef808bef-ceae-45aa-b489-bc5b2f1a4db4",
      "title": "",
      "fullFile": "cypress\\integration\\ui\\login\\login.cy.js",
      "file": "cypress\\integration\\ui\\login\\login.cy.js",
      "beforeHooks": [],
      "afterHooks": [],
      "tests": [],
      "suites": [
        {
          "uuid": "718110d1-c886-4705-b2ca-b3a0764920dc",
          "title": "Login Functionality",
          "fullFile": "",
          "file": "",
          "beforeHooks": [],
          "afterHooks": [],
          "tests": [
            {
              "title": "should login successfully with valid credentials",
              "fullTitle": "Login Functionality should login successfully with valid credentials",
              "timedOut": null,
              "duration": 401,
              "state": "failed",
              "speed": null,
              "pass": false,
              "fail": true,
              "pending": false,
              "context": null,
              "code": "const {\n  username,\n  password\n} = _testData.default.validUser;\nloginPage.login(username, password);\nloginPage.verifyLoginSuccess();",
              "err": {
                "message": "TypeError: loginPage.verifyLoginSuccess is not a function",
                "estack": "TypeError: loginPage.verifyLoginSuccess is not a function\n    at Context.eval (webpack://cypress-automation-framework/./cypress/integration/ui/login/login.cy.js:19:18)",
                "diff": null
              },
              "uuid": "355d98db-a0be-4669-b290-27616db6bdab",
              "parentUUID": "718110d1-c886-4705-b2ca-b3a0764920dc",
              "isHook": false,
              "skipped": false
            },
            {
              "title": "should show error message for invalid credentials: wronguser",
              "fullTitle": "Login Functionality should show error message for invalid credentials: wronguser",
              "timedOut": null,
              "duration": 15413,
              "state": "failed",
              "speed": null,
              "pass": false,
              "fail": true,
              "pending": false,
              "context": null,
              "code": "loginPage.login(userData.username, userData.password);\nloginPage.verifyErrorMessage(userData.errorMessage);",
              "err": {
                "message": "AssertionError: Timed out retrying after 10000ms: Expected to find element: `button[type=\"submit\"]`, but never found it.",
                "estack": "AssertionError: Timed out retrying after 10000ms: Expected to find element: `button[type=\"submit\"]`, but never found it.\n    at LoginPage.clickLoginButton (webpack://cypress-automation-framework/./cypress/pages/ui/hrf/LoginPage.js:29:36)\n    at LoginPage.login (webpack://cypress-automation-framework/./cypress/pages/ui/hrf/LoginPage.js:37:13)\n    at Context.eval (webpack://cypress-automation-framework/./cypress/integration/ui/login/login.cy.js:25:22)",
                "diff": null
              },
              "uuid": "73bbf1b9-8edb-4096-ba0f-fe5e1477e460",
              "parentUUID": "718110d1-c886-4705-b2ca-b3a0764920dc",
              "isHook": false,
              "skipped": false
            },
            {
              "title": "should show error message for invalid credentials: cadmin",
              "fullTitle": "Login Functionality should show error message for invalid credentials: cadmin",
              "timedOut": null,
              "duration": 0,
              "state": "skipped",
              "speed": null,
              "pass": false,
              "fail": false,
              "pending": false,
              "context": null,
              "code": "loginPage.login(userData.username, userData.password);\nloginPage.verifyErrorMessage(userData.errorMessage);",
              "err": {},
              "uuid": "e59f97aa-695e-44ff-a8a6-224861accb57",
              "parentUUID": "718110d1-c886-4705-b2ca-b3a0764920dc",
              "isHook": false,
              "skipped": true
            },
            {
              "title": "should show error message for empty credentials",
              "fullTitle": "Login Functionality should show error message for empty credentials",
              "timedOut": null,
              "duration": 0,
              "state": "skipped",
              "speed": null,
              "pass": false,
              "fail": false,
              "pending": false,
              "context": null,
              "code": "const {\n  username,\n  password,\n  errorMessage\n} = _testData.default.emptyCredentials;\nloginPage.login(username, password);\nloginPage.verifyErrorMessage(errorMessage);",
              "err": {},
              "uuid": "5ae15b75-d101-44d7-ae8b-735c5dc73428",
              "parentUUID": "718110d1-c886-4705-b2ca-b3a0764920dc",
              "isHook": false,
              "skipped": true
            }
          ],
          "suites": [],
          "passes": [],
          "failures": [
            "355d98db-a0be-4669-b290-27616db6bdab",
            "73bbf1b9-8edb-4096-ba0f-fe5e1477e460"
          ],
          "pending": [],
          "skipped": [
            "e59f97aa-695e-44ff-a8a6-224861accb57",
            "5ae15b75-d101-44d7-ae8b-735c5dc73428"
          ],
          "duration": 15814,
          "root": false,
          "rootEmpty": false,
          "_timeout": 2000
        }
      ],
      "passes": [],
      "failures": [],
      "pending": [],
      "skipped": [],
      "duration": 0,
      "root": true,
      "rootEmpty": true,
      "_timeout": 2000
    }
  ],
  "meta": {
    "mocha": {
      "version": "7.0.1"
    },
    "mochawesome": {
      "options": {
        "quiet": false,
        "reportFilename": "mochawesome",
        "saveHtml": false,
        "saveJson": true,
        "consoleReporter": "spec",
        "useInlineDiffs": false,
        "code": true
      },
      "version": "7.1.3"
    },
    "marge": {
      "options": {
        "id": "default",
        "reportDir": "cypress/reports",
        "overwrite": false,
        "html": false,
        "json": true,
        "timestamp": "mmddyyyy_HHMMss"
      },
      "version": "6.2.0"
    }
  }
}