{
  "stats": {
    "suites": 1,
    "tests": 1,
    "passes": 0,
    "pending": 0,
    "failures": 1,
    "start": "2025-03-25T18:37:22.462Z",
    "end": "2025-03-25T18:37:44.408Z",
    "duration": 21946,
    "testsRegistered": 4,
    "passPercent": 0,
    "pendingPercent": 0,
    "other": 0,
    "hasOther": false,
    "skipped": 3,
    "hasSkipped": true
  },
  "results": [
    {
      "uuid": "10d21b92-a853-4451-9c9a-885fcd1597b7",
      "title": "",
      "fullFile": "cypress\\integration\\ui\\login\\login.cy.js",
      "file": "cypress\\integration\\ui\\login\\login.cy.js",
      "beforeHooks": [],
      "afterHooks": [],
      "tests": [],
      "suites": [
        {
          "uuid": "2936974f-100e-4960-8629-ba694e59212a",
          "title": "Login Functionality",
          "fullFile": "",
          "file": "",
          "beforeHooks": [],
          "afterHooks": [],
          "tests": [
            {
              "title": "should login successfully with valid credentials",
              "fullTitle": "Login Functionality should login successfully with valid credentials",
              "timedOut": null,
              "duration": 15351,
              "state": "failed",
              "speed": null,
              "pass": false,
              "fail": true,
              "pending": false,
              "context": null,
              "code": "const {\n  username,\n  password\n} = _testData.default.validUser;\nloginPage.login(username, password);\nloginPage.verifySuccessfulLogin();",
              "err": {
                "message": "AssertionError: Timed out retrying after 10000ms: Expected to find element: `button[type=\"submit\"]`, but never found it.",
                "estack": "AssertionError: Timed out retrying after 10000ms: Expected to find element: `button[type=\"submit\"]`, but never found it.\n    at LoginPage.clickLoginButton (webpack://cypress-automation-framework/./cypress/pages/ui/hrf/LoginPage.js:29:36)\n    at LoginPage.login (webpack://cypress-automation-framework/./cypress/pages/ui/hrf/LoginPage.js:37:13)\n    at Context.eval (webpack://cypress-automation-framework/./cypress/integration/ui/login/login.cy.js:18:18)",
                "diff": null
              },
              "uuid": "caf28548-5a47-41d6-b332-4fed8e7e66db",
              "parentUUID": "2936974f-100e-4960-8629-ba694e59212a",
              "isHook": false,
              "skipped": false
            },
            {
              "title": "should show error message for invalid credentials: wronguser",
              "fullTitle": "Login Functionality should show error message for invalid credentials: wronguser",
              "timedOut": null,
              "duration": 0,
              "state": "skipped",
              "speed": null,
              "pass": false,
              "fail": false,
              "pending": false,
              "context": null,
              "code": "loginPage.login(userData.username, userData.password);\nloginPage.verifyErrorMessage(userData.errorMessage);",
              "err": {},
              "uuid": "7421c4bf-1cd8-48b4-94fb-ee1df1e9a39d",
              "parentUUID": "2936974f-100e-4960-8629-ba694e59212a",
              "isHook": false,
              "skipped": true
            },
            {
              "title": "should show error message for invalid credentials: cadmin",
              "fullTitle": "Login Functionality should show error message for invalid credentials: cadmin",
              "timedOut": null,
              "duration": 0,
              "state": "skipped",
              "speed": null,
              "pass": false,
              "fail": false,
              "pending": false,
              "context": null,
              "code": "loginPage.login(userData.username, userData.password);\nloginPage.verifyErrorMessage(userData.errorMessage);",
              "err": {},
              "uuid": "7b7b7641-552e-453d-a583-226cb23d491e",
              "parentUUID": "2936974f-100e-4960-8629-ba694e59212a",
              "isHook": false,
              "skipped": true
            },
            {
              "title": "should show error message for empty credentials",
              "fullTitle": "Login Functionality should show error message for empty credentials",
              "timedOut": null,
              "duration": 0,
              "state": "skipped",
              "speed": null,
              "pass": false,
              "fail": false,
              "pending": false,
              "context": null,
              "code": "const {\n  username,\n  password,\n  errorMessage\n} = _testData.default.emptyCredentials;\nloginPage.login(username, password);\nloginPage.verifyErrorMessage(errorMessage);",
              "err": {},
              "uuid": "2367dbb3-bec1-422e-bdfc-ff7d36cd7138",
              "parentUUID": "2936974f-100e-4960-8629-ba694e59212a",
              "isHook": false,
              "skipped": true
            }
          ],
          "suites": [],
          "passes": [],
          "failures": [
            "caf28548-5a47-41d6-b332-4fed8e7e66db"
          ],
          "pending": [],
          "skipped": [
            "7421c4bf-1cd8-48b4-94fb-ee1df1e9a39d",
            "7b7b7641-552e-453d-a583-226cb23d491e",
            "2367dbb3-bec1-422e-bdfc-ff7d36cd7138"
          ],
          "duration": 15351,
          "root": false,
          "rootEmpty": false,
          "_timeout": 2000
        }
      ],
      "passes": [],
      "failures": [],
      "pending": [],
      "skipped": [],
      "duration": 0,
      "root": true,
      "rootEmpty": true,
      "_timeout": 2000
    }
  ],
  "meta": {
    "mocha": {
      "version": "7.0.1"
    },
    "mochawesome": {
      "options": {
        "quiet": false,
        "reportFilename": "mochawesome",
        "saveHtml": false,
        "saveJson": true,
        "consoleReporter": "spec",
        "useInlineDiffs": false,
        "code": true
      },
      "version": "7.1.3"
    },
    "marge": {
      "options": {
        "id": "default",
        "reportDir": "cypress/reports",
        "overwrite": false,
        "html": false,
        "json": true,
        "timestamp": "mmddyyyy_HHMMss"
      },
      "version": "6.2.0"
    }
  }
}