{
  "stats": {
    "suites": 1,
    "tests": 1,
    "passes": 0,
    "pending": 0,
    "failures": 1,
    "start": "2025-03-25T19:28:52.477Z",
    "end": "2025-03-25T19:29:23.898Z",
    "duration": 31421,
    "testsRegistered": 1,
    "passPercent": 0,
    "pendingPercent": 0,
    "other": 0,
    "hasOther": false,
    "skipped": 0,
    "hasSkipped": false
  },
  "results": [
    {
      "uuid": "03695315-5da7-4bbd-ad4b-a3597d24504e",
      "title": "",
      "fullFile": "cypress\\integration\\ui\\attendance\\Shifts\\ShiftManagement.cy.js",
      "file": "cypress\\integration\\ui\\attendance\\Shifts\\ShiftManagement.cy.js",
      "beforeHooks": [],
      "afterHooks": [],
      "tests": [],
      "suites": [
        {
          "uuid": "34b364c5-5f96-4f7c-9aaf-fc1c63781b33",
          "title": "Shift Management",
          "fullFile": "",
          "file": "",
          "beforeHooks": [],
          "afterHooks": [],
          "tests": [
            {
              "title": "should successfully add a new shift with sessions",
              "fullTitle": "Shift Management should successfully add a new shift with sessions",
              "timedOut": null,
              "duration": 31300,
              "state": "failed",
              "speed": null,
              "pass": false,
              "fail": true,
              "pending": false,
              "context": null,
              "code": "// Load test data\ncy.fixture(\"ui/AddShift.json\").then(data => {\n  if (!data || !data.length) {\n    throw new Error('Test data is empty or invalid');\n  }\n  // Add new shift\n  shiftPage.clickAddShift();\n  shiftPage.fillShiftDetails(data[0]);\n  // Navigate to specific date\n  const {\n    pastdays,\n    monthday,\n    date\n  } = TEST_DATA;\n  const trimpastdays = pastdays.trim().toLowerCase();\n  const trimmonthday = monthday.trim().toLowerCase();\n  // Handle date navigation and session creation\n  cy.checkAndNavigate(trimpastdays, trimmonthday, date).then(() => {\n    // Add and fill sessions after date navigation\n    shiftPage.addAndFillSessions(data);\n    shiftPage.handleSingleShift(data);\n  });\n});",
              "err": {
                "message": "AssertionError: Timed out retrying after 10000ms: Expected to find element: `find`, but never found it. Queried from:\n\n              > [ <div.col-2>, 4 more... ]",
                "estack": "AssertionError: Timed out retrying after 10000ms: Expected to find element: `find`, but never found it. Queried from:\n\n              > [ <div.col-2>, 4 more... ]\n    at AddShiftPage.fillSessionRow (webpack://cypress-automation-framework/./cypress/pages/ui/attendance/Shifts/AddShiftPage.js:98:22)\n    at Context.eval (webpack://cypress-automation-framework/./cypress/pages/ui/attendance/Shifts/AddShiftPage.js:137:35)",
                "diff": null
              },
              "uuid": "85d9101b-b11b-4373-a29a-116a6efdf38d",
              "parentUUID": "34b364c5-5f96-4f7c-9aaf-fc1c63781b33",
              "isHook": false,
              "skipped": false
            }
          ],
          "suites": [],
          "passes": [],
          "failures": [
            "85d9101b-b11b-4373-a29a-116a6efdf38d"
          ],
          "pending": [],
          "skipped": [],
          "duration": 31300,
          "root": false,
          "rootEmpty": false,
          "_timeout": 2000
        }
      ],
      "passes": [],
      "failures": [],
      "pending": [],
      "skipped": [],
      "duration": 0,
      "root": true,
      "rootEmpty": true,
      "_timeout": 2000
    }
  ],
  "meta": {
    "mocha": {
      "version": "7.0.1"
    },
    "mochawesome": {
      "options": {
        "quiet": false,
        "reportFilename": "mochawesome",
        "saveHtml": false,
        "saveJson": true,
        "consoleReporter": "spec",
        "useInlineDiffs": false,
        "code": true
      },
      "version": "7.1.3"
    },
    "marge": {
      "options": {
        "id": "default",
        "reportDir": "cypress/reports",
        "overwrite": false,
        "html": false,
        "json": true,
        "timestamp": "mmddyyyy_HHMMss"
      },
      "version": "6.2.0"
    }
  }
}